<?xml version="1.0" encoding="UTF-8"?>
<testng-results skipped="0" failed="0" ignored="0" total="2" passed="2">
  <reporter-output>
    <line>
      <![CDATA[Close]]>
    </line>
    <line>
      <![CDATA[Close]]>
    </line>
  </reporter-output>
  <suite name="Suite" duration-ms="17345" started-at="2022-08-03T11:50:59 IST" finished-at="2022-08-03T11:51:16 IST">
    <groups>
    </groups>
    <test name="Test" duration-ms="17345" started-at="2022-08-03T11:50:59 IST" finished-at="2022-08-03T11:51:16 IST">
      <class name="profile.TC_Profile_003_Test">
        <test-method status="PASS" signature="Browser_Setup()[pri:0, instance:profile.TC_Profile_003_Test@31ef45e3]" name="Browser_Setup" is-config="true" duration-ms="1430" started-at="2022-08-03T11:51:11 IST" finished-at="2022-08-03T11:51:12 IST">
          <reporter-output>
          </reporter-output>
        </test-method> <!-- Browser_Setup -->
        <test-method status="PASS" signature="createTasks()[pri:0, instance:profile.TC_Profile_003_Test@31ef45e3]" name="createTasks" duration-ms="2947" started-at="2022-08-03T11:51:12 IST" finished-at="2022-08-03T11:51:15 IST">
          <reporter-output>
          </reporter-output>
        </test-method> <!-- createTasks -->
        <test-method status="PASS" signature="Browser_tear_down(org.testng.ITestResult)[pri:0, instance:profile.TC_Profile_003_Test@31ef45e3]" name="Browser_tear_down" is-config="true" duration-ms="825" started-at="2022-08-03T11:51:15 IST" finished-at="2022-08-03T11:51:16 IST">
          <params>
            <param index="0">
              <value>
                <![CDATA[[TestResult name=createTasks status=SUCCESS method=TC_Profile_003_Test.createTasks()[pri:0, instance:profile.TC_Profile_003_Test@31ef45e3] output={null}]]]>
              </value>
            </param>
          </params>
          <reporter-output>
            <line>
              <![CDATA[Close]]>
            </line>
          </reporter-output>
        </test-method> <!-- Browser_tear_down -->
      </class> <!-- profile.TC_Profile_003_Test -->
      <class name="tasks.TC_Tasks_004_Test">
        <test-method status="PASS" signature="Browser_Setup()[pri:0, instance:tasks.TC_Tasks_004_Test@57fffcd7]" name="Browser_Setup" is-config="true" duration-ms="1981" started-at="2022-08-03T11:50:59 IST" finished-at="2022-08-03T11:51:01 IST">
          <reporter-output>
          </reporter-output>
        </test-method> <!-- Browser_Setup -->
        <test-method status="PASS" signature="createTasks()[pri:0, instance:tasks.TC_Tasks_004_Test@57fffcd7]" name="createTasks" duration-ms="9328" started-at="2022-08-03T11:51:01 IST" finished-at="2022-08-03T11:51:10 IST">
          <reporter-output>
          </reporter-output>
        </test-method> <!-- createTasks -->
        <test-method status="PASS" signature="Browser_tear_down(org.testng.ITestResult)[pri:0, instance:tasks.TC_Tasks_004_Test@57fffcd7]" name="Browser_tear_down" is-config="true" duration-ms="799" started-at="2022-08-03T11:51:10 IST" finished-at="2022-08-03T11:51:11 IST">
          <params>
            <param index="0">
              <value>
                <![CDATA[[TestResult name=createTasks status=SUCCESS method=TC_Tasks_004_Test.createTasks()[pri:0, instance:tasks.TC_Tasks_004_Test@57fffcd7] output={null}]]]>
              </value>
            </param>
          </params>
          <reporter-output>
            <line>
              <![CDATA[Close]]>
            </line>
          </reporter-output>
        </test-method> <!-- Browser_tear_down -->
      </class> <!-- tasks.TC_Tasks_004_Test -->
    </test> <!-- Test -->
  </suite> <!-- Suite -->
</testng-results>
