<?xml version="1.0" encoding="UTF-8"?>
<!-- Generated by org.testng.reporters.JUnitXMLReporter -->
<testsuite hostname="TYSS-Sumanth" ignored="0" name="Test" tests="4" failures="0" timestamp="2022-08-01T13:14:34 IST" time="18.881" errors="0">
  <testcase name="createTasks" time="2.87" classname="tasks.TC_Tasks_003_Test"/>
  <testcase name="createTasks" time="2.735" classname="profile.TC_Profile_002_Test"/>
  <testcase name="createTasks" time="1.164" classname="tasks.TC_Tasks_001_Test"/>
  <testcase name="createTasks" time="3.061" classname="profile.TC_Profile_004_Test"/>
</testsuite> <!-- Test -->
