<?xml version="1.0" encoding="UTF-8"?>
<!-- Generated by org.testng.reporters.JUnitXMLReporter -->
<testsuite hostname="TYSS-Sumanth" ignored="0" name="Command line test" tests="8" failures="0" timestamp="2022-08-03T11:46:37 IST" time="91.631" errors="0">
  <testcase name="createTasks" time="18.363" classname="profile.TC_Profile_001_Test"/>
  <testcase name="createTasks" time="9.469" classname="profile.TC_Profile_002_Test"/>
  <testcase name="createTasks" time="4.154" classname="profile.TC_Profile_003_Test"/>
  <testcase name="createTasks" time="12.921" classname="profile.TC_Profile_004_Test"/>
  <testcase name="createTasks" time="4.343" classname="tasks.TC_Tasks_001_Test"/>
  <testcase name="createTasks" time="13.399" classname="tasks.TC_Tasks_002_Test"/>
  <testcase name="createTasks" time="6.806" classname="tasks.TC_Tasks_003_Test"/>
  <testcase name="createTasks" time="3.306" classname="tasks.TC_Tasks_004_Test"/>
</testsuite> <!-- Command line test -->
